RUN	simulations.BasicLoadSimulation	basicloadsimulation	1645627506175	 	3.5.0
USER	Basic Load Simulation	START	1645627511860
USER	Basic Load Simulation	START	1645627511860
USER	Basic Load Simulation	START	1645627511860
USER	Basic Load Simulation	START	1645627511864
USER	Basic Load Simulation	START	1645627511860
USER	Basic Load Simulation	START	1645627511861
USER	Basic Load Simulation	START	1645627512848
REQUEST		Get all data	1645627511912	1645627512870	OK	 
REQUEST		Get all data	1645627511912	1645627512870	OK	 
REQUEST		Get all data	1645627511912	1645627512870	OK	 
REQUEST		Get all data	1645627511912	1645627512870	OK	 
REQUEST		Get all data	1645627511912	1645627512870	OK	 
REQUEST		Get all data	1645627512850	1645627513425	OK	 
REQUEST		Get all data	1645627511912	1645627513425	OK	 
USER	Basic Load Simulation	START	1645627513848
REQUEST		Get all data	1645627513849	1645627514449	OK	 
USER	Basic Load Simulation	START	1645627514848
REQUEST		Get all data	1645627514849	1645627515706	OK	 
USER	Basic Load Simulation	START	1645627515848
REQUEST		Get all data	1645627515848	1645627516661	OK	 
USER	Basic Load Simulation	START	1645627516848
REQUEST		Get all data	1645627516848	1645627517600	OK	 
USER	Basic Load Simulation	START	1645627517848
REQUEST		Get specific status code	1645627517883	1645627518019	OK	 
REQUEST		Get specific status code	1645627517884	1645627518021	OK	 
REQUEST		Get specific status code	1645627517883	1645627518022	OK	 
REQUEST		Get specific status code	1645627517885	1645627518030	OK	 
REQUEST		Get specific status code	1645627517883	1645627518030	OK	 
REQUEST		Get specific status code	1645627518427	1645627518675	OK	 
REQUEST		Get all data	1645627517849	1645627518675	OK	 
USER	Basic Load Simulation	START	1645627518848
REQUEST		Get specific status code	1645627518427	1645627518855	OK	 
REQUEST		Get specific status code	1645627519450	1645627519589	OK	 
REQUEST		Get all data	1645627518848	1645627519613	OK	 
USER	Basic Load Simulation	START	1645627519848
REQUEST		Get all data	1645627519849	1645627520399	OK	 
REQUEST		Get specific status code	1645627520708	1645627520848	OK	 
USER	Basic Load Simulation	START	1645627520848
REQUEST		Get all data	1645627520849	1645627521460	OK	 
REQUEST		Get specific status code	1645627521663	1645627521802	OK	 
REQUEST		Get specific status code	1645627522602	1645627522742	OK	 
REQUEST		Get all data	1645627523062	1645627523202	OK	 
REQUEST		Get all data	1645627523061	1645627523204	OK	 
USER	Basic Load Simulation	END	1645627523209
USER	Basic Load Simulation	END	1645627523209
REQUEST		Get all data	1645627523062	1645627523211	OK	 
REQUEST		Get all data	1645627523062	1645627523211	OK	 
REQUEST		Get all data	1645627523062	1645627523212	OK	 
USER	Basic Load Simulation	END	1645627523212
USER	Basic Load Simulation	END	1645627523212
USER	Basic Load Simulation	END	1645627523213
REQUEST		Get all data	1645627523676	1645627523861	OK	 
REQUEST		Get specific status code	1645627523676	1645627523861	OK	 
USER	Basic Load Simulation	END	1645627523863
REQUEST		Get all data	1645627523856	1645627524124	OK	 
USER	Basic Load Simulation	END	1645627524125
REQUEST		Get all data	1645627524591	1645627524730	OK	 
USER	Basic Load Simulation	END	1645627524732
REQUEST		Get specific status code	1645627524615	1645627524752	OK	 
REQUEST		Get specific status code	1645627525400	1645627525537	OK	 
REQUEST		Get all data	1645627525849	1645627526030	OK	 
USER	Basic Load Simulation	END	1645627526032
REQUEST		Get specific status code	1645627526462	1645627526678	OK	 
REQUEST		Get all data	1645627526804	1645627527072	OK	 
USER	Basic Load Simulation	END	1645627527074
REQUEST		Get all data	1645627527744	1645627527880	OK	 
USER	Basic Load Simulation	END	1645627527881
REQUEST		Get all data	1645627528863	1645627529000	OK	 
USER	Basic Load Simulation	END	1645627529002
REQUEST		Get all data	1645627529753	1645627530042	OK	 
USER	Basic Load Simulation	END	1645627530044
REQUEST		Get all data	1645627530539	1645627530677	OK	 
USER	Basic Load Simulation	END	1645627530679
REQUEST		Get all data	1645627531680	1645627531817	OK	 
USER	Basic Load Simulation	END	1645627531819
