RUN	simulations.RampUserLoadSimulation	rampuserloadsimulation	1645629858141	 	3.5.0
USER	Basic Load Simulation	START	1645629864013
REQUEST		Get all data	1645629864057	1645629864753	OK	 
USER	Basic Load Simulation	START	1645629865004
REQUEST		Get all data	1645629865005	1645629865853	OK	 
USER	Basic Load Simulation	START	1645629866004
REQUEST		Get all data	1645629866005	1645629866851	OK	 
USER	Basic Load Simulation	START	1645629867003
USER	Basic Load Simulation	START	1645629867503
REQUEST		Get all data	1645629867005	1645629867886	OK	 
USER	Basic Load Simulation	START	1645629868004
REQUEST		Get all data	1645629867504	1645629868259	OK	 
USER	Basic Load Simulation	START	1645629868504
REQUEST		Get all data	1645629868005	1645629868685	OK	 
USER	Basic Load Simulation	START	1645629869005
REQUEST		Get all data	1645629868504	1645629869246	OK	 
USER	Basic Load Simulation	START	1645629869503
REQUEST		Get all data	1645629869006	1645629869645	OK	 
USER	Basic Load Simulation	START	1645629870005
REQUEST		Get all data	1645629869504	1645629870147	OK	 
REQUEST		Get specific status code	1645629869780	1645629870253	OK	 
USER	Basic Load Simulation	START	1645629870502
REQUEST		Get all data	1645629870006	1645629870751	OK	 
REQUEST		Get specific status code	1645629870854	1645629870993	OK	 
USER	Basic Load Simulation	START	1645629871004
REQUEST		Get all data	1645629870502	1645629871243	OK	 
USER	Basic Load Simulation	START	1645629871336
REQUEST		Get all data	1645629871005	1645629871570	OK	 
USER	Basic Load Simulation	START	1645629871670
REQUEST		Get all data	1645629871336	1645629871996	OK	 
REQUEST		Get specific status code	1645629871852	1645629872000	OK	 
USER	Basic Load Simulation	START	1645629872004
USER	Basic Load Simulation	START	1645629872336
REQUEST		Get all data	1645629871671	1645629872392	OK	 
USER	Basic Load Simulation	START	1645629872671
REQUEST		Get all data	1645629872005	1645629872676	OK	 
REQUEST		Get all data	1645629872337	1645629872901	OK	 
USER	Basic Load Simulation	START	1645629873006
REQUEST		Get specific status code	1645629872888	1645629873024	OK	 
REQUEST		Get all data	1645629872672	1645629873233	OK	 
USER	Basic Load Simulation	START	1645629873336
REQUEST		Get specific status code	1645629873261	1645629873396	OK	 
REQUEST		Get all data	1645629873007	1645629873583	OK	 
USER	Basic Load Simulation	START	1645629873670
REQUEST		Get specific status code	1645629873687	1645629873823	OK	 
REQUEST		Get all data	1645629873337	1645629873903	OK	 
USER	Basic Load Simulation	START	1645629874005
REQUEST		Get all data	1645629873672	1645629874225	OK	 
USER	Basic Load Simulation	START	1645629874336
REQUEST		Get specific status code	1645629874247	1645629874385	OK	 
REQUEST		Get all data	1645629874006	1645629874566	OK	 
USER	Basic Load Simulation	START	1645629874670
REQUEST		Get specific status code	1645629874647	1645629874784	OK	 
REQUEST		Get all data	1645629874337	1645629874907	OK	 
USER	Basic Load Simulation	START	1645629875005
REQUEST		Get all data	1645629874671	1645629875227	OK	 
REQUEST		Get specific status code	1645629875149	1645629875290	OK	 
USER	Basic Load Simulation	START	1645629875336
REQUEST		Get all data	1645629875301	1645629875438	OK	 
USER	Basic Load Simulation	END	1645629875446
REQUEST		Get all data	1645629875005	1645629875565	OK	 
USER	Basic Load Simulation	START	1645629875670
REQUEST		Get specific status code	1645629875752	1645629875891	OK	 
REQUEST		Get all data	1645629875337	1645629875894	OK	 
USER	Basic Load Simulation	START	1645629876004
REQUEST		Get all data	1645629875995	1645629876131	OK	 
USER	Basic Load Simulation	END	1645629876133
REQUEST		Get all data	1645629875670	1645629876228	OK	 
USER	Basic Load Simulation	START	1645629876336
REQUEST		Get specific status code	1645629876244	1645629876380	OK	 
REQUEST		Get all data	1645629876005	1645629876553	OK	 
USER	Basic Load Simulation	START	1645629876669
REQUEST		Get specific status code	1645629876572	1645629876715	OK	 
REQUEST		Get all data	1645629876337	1645629876887	OK	 
USER	Basic Load Simulation	START	1645629877003
REQUEST		Get specific status code	1645629876998	1645629877134	OK	 
REQUEST		Get all data	1645629877002	1645629877140	OK	 
USER	Basic Load Simulation	END	1645629877141
REQUEST		Get all data	1645629876670	1645629877225	OK	 
USER	Basic Load Simulation	START	1645629877253
USER	Basic Load Simulation	START	1645629877503
REQUEST		Get specific status code	1645629877393	1645629877532	OK	 
REQUEST		Get all data	1645629877004	1645629877550	OK	 
USER	Basic Load Simulation	START	1645629877754
REQUEST		Get all data	1645629877253	1645629877808	OK	 
REQUEST		Get specific status code	1645629877677	1645629877817	OK	 
USER	Basic Load Simulation	START	1645629878004
REQUEST		Get specific status code	1645629877903	1645629878040	OK	 
REQUEST		Get all data	1645629877504	1645629878060	OK	 
REQUEST		Get all data	1645629878026	1645629878169	OK	 
USER	Basic Load Simulation	END	1645629878170
USER	Basic Load Simulation	START	1645629878253
REQUEST		Get all data	1645629877754	1645629878306	OK	 
REQUEST		Get specific status code	1645629878235	1645629878371	OK	 
USER	Basic Load Simulation	START	1645629878503
REQUEST		Get all data	1645629878397	1645629878538	OK	 
USER	Basic Load Simulation	END	1645629878540
REQUEST		Get all data	1645629878004	1645629878560	OK	 
REQUEST		Get specific status code	1645629878585	1645629878721	OK	 
USER	Basic Load Simulation	START	1645629878753
REQUEST		Get all data	1645629878253	1645629878808	OK	 
REQUEST		Get all data	1645629878824	1645629878957	OK	 
USER	Basic Load Simulation	END	1645629878959
USER	Basic Load Simulation	START	1645629879003
REQUEST		Get specific status code	1645629878904	1645629879041	OK	 
REQUEST		Get all data	1645629878503	1645629879048	OK	 
USER	Basic Load Simulation	START	1645629879253
REQUEST		Get all data	1645629878754	1645629879306	OK	 
REQUEST		Get specific status code	1645629879227	1645629879363	OK	 
USER	Basic Load Simulation	START	1645629879503
REQUEST		Get all data	1645629879386	1645629879524	OK	 
USER	Basic Load Simulation	END	1645629879524
REQUEST		Get all data	1645629879004	1645629879561	OK	 
REQUEST		Get specific status code	1645629879567	1645629879706	OK	 
USER	Basic Load Simulation	START	1645629879754
REQUEST		Get all data	1645629879253	1645629879807	OK	 
REQUEST		Get all data	1645629879786	1645629879921	OK	 
USER	Basic Load Simulation	END	1645629879923
USER	Basic Load Simulation	START	1645629880004
REQUEST		Get all data	1645629879503	1645629880062	OK	 
REQUEST		Get specific status code	1645629879909	1645629880157	OK	 
USER	Basic Load Simulation	START	1645629880253
REQUEST		Get all data	1645629879754	1645629880303	OK	 
REQUEST		Get specific status code	1645629880228	1645629880365	OK	 
REQUEST		Get all data	1645629880292	1645629880429	OK	 
USER	Basic Load Simulation	END	1645629880431
USER	Basic Load Simulation	START	1645629880503
REQUEST		Get all data	1645629880005	1645629880558	OK	 
USER	Basic Load Simulation	START	1645629880754
REQUEST		Get all data	1645629880254	1645629880812	OK	 
REQUEST		Get specific status code	1645629880567	1645629880832	OK	 
USER	Basic Load Simulation	START	1645629881004
REQUEST		Get all data	1645629880892	1645629881030	OK	 
USER	Basic Load Simulation	END	1645629881031
REQUEST		Get specific status code	1645629880896	1645629881051	OK	 
REQUEST		Get all data	1645629880504	1645629881054	OK	 
USER	Basic Load Simulation	START	1645629881203
REQUEST		Get all data	1645629880754	1645629881300	OK	 
REQUEST		Get specific status code	1645629881230	1645629881365	OK	 
USER	Basic Load Simulation	START	1645629881403
REQUEST		Get all data	1645629881381	1645629881532	OK	 
USER	Basic Load Simulation	END	1645629881534
REQUEST		Get all data	1645629881005	1645629881550	OK	 
USER	Basic Load Simulation	START	1645629881603
REQUEST		Get specific status code	1645629881554	1645629881693	OK	 
REQUEST		Get all data	1645629881203	1645629881758	OK	 
USER	Basic Load Simulation	START	1645629881803
REQUEST		Get all data	1645629881717	1645629881851	OK	 
USER	Basic Load Simulation	END	1645629881853
REQUEST		Get all data	1645629881404	1645629881959	OK	 
USER	Basic Load Simulation	START	1645629882004
REQUEST		Get specific status code	1645629881888	1645629882024	OK	 
REQUEST		Get all data	1645629881604	1645629882144	OK	 
USER	Basic Load Simulation	START	1645629882203
REQUEST		Get all data	1645629882136	1645629882271	OK	 
USER	Basic Load Simulation	END	1645629882273
REQUEST		Get all data	1645629881803	1645629882344	OK	 
REQUEST		Get specific status code	1645629882226	1645629882366	OK	 
USER	Basic Load Simulation	START	1645629882403
REQUEST		Get all data	1645629882004	1645629882558	OK	 
USER	Basic Load Simulation	START	1645629882603
REQUEST		Get all data	1645629882534	1645629882668	OK	 
USER	Basic Load Simulation	END	1645629882670
REQUEST		Get specific status code	1645629882552	1645629882688	OK	 
REQUEST		Get all data	1645629882204	1645629882744	OK	 
USER	Basic Load Simulation	START	1645629882803
REQUEST		Get specific status code	1645629882810	1645629882948	OK	 
REQUEST		Get all data	1645629882404	1645629882950	OK	 
REQUEST		Get all data	1645629882819	1645629882960	OK	 
USER	Basic Load Simulation	END	1645629882962
USER	Basic Load Simulation	START	1645629883004
REQUEST		Get all data	1645629882604	1645629883148	OK	 
REQUEST		Get all data	1645629883042	1645629883179	OK	 
USER	Basic Load Simulation	END	1645629883181
REQUEST		Get specific status code	1645629883061	1645629883194	OK	 
USER	Basic Load Simulation	START	1645629883203
REQUEST		Get all data	1645629882804	1645629883352	OK	 
USER	Basic Load Simulation	START	1645629883404
REQUEST		Get specific status code	1645629883308	1645629883446	OK	 
REQUEST		Get all data	1645629883373	1645629883514	OK	 
USER	Basic Load Simulation	END	1645629883515
REQUEST		Get all data	1645629883004	1645629883552	OK	 
USER	Basic Load Simulation	START	1645629883603
REQUEST		Get specific status code	1645629883561	1645629883698	OK	 
REQUEST		Get all data	1645629883204	1645629883759	OK	 
USER	Basic Load Simulation	START	1645629883805
REQUEST		Get all data	1645629883722	1645629883869	OK	 
USER	Basic Load Simulation	END	1645629883871
REQUEST		Get specific status code	1645629883809	1645629883947	OK	 
REQUEST		Get all data	1645629883404	1645629883952	OK	 
REQUEST		Get all data	1645629883604	1645629884157	OK	 
REQUEST		Get all data	1645629884043	1645629884183	OK	 
USER	Basic Load Simulation	END	1645629884185
REQUEST		Get specific status code	1645629884049	1645629884188	OK	 
REQUEST		Get all data	1645629883805	1645629884358	OK	 
REQUEST		Get specific status code	1645629884307	1645629884442	OK	 
REQUEST		Get all data	1645629884365	1645629884502	OK	 
USER	Basic Load Simulation	END	1645629884504
REQUEST		Get specific status code	1645629884562	1645629884699	OK	 
REQUEST		Get all data	1645629884708	1645629884844	OK	 
USER	Basic Load Simulation	END	1645629884845
REQUEST		Get specific status code	1645629884808	1645629884943	OK	 
REQUEST		Get specific status code	1645629885063	1645629885202	OK	 
REQUEST		Get all data	1645629885159	1645629885296	OK	 
USER	Basic Load Simulation	END	1645629885297
REQUEST		Get specific status code	1645629885304	1645629885439	OK	 
REQUEST		Get all data	1645629885367	1645629885504	OK	 
USER	Basic Load Simulation	END	1645629885505
REQUEST		Get specific status code	1645629885560	1645629885695	OK	 
REQUEST		Get specific status code	1645629885813	1645629886057	OK	 
REQUEST		Get all data	1645629885833	1645629886058	OK	 
USER	Basic Load Simulation	END	1645629886059
REQUEST		Get all data	1645629886053	1645629886192	OK	 
USER	Basic Load Simulation	END	1645629886194
REQUEST		Get specific status code	1645629886055	1645629886198	OK	 
REQUEST		Get specific status code	1645629886302	1645629886438	OK	 
REQUEST		Get all data	1645629886367	1645629886505	OK	 
USER	Basic Load Simulation	END	1645629886506
REQUEST		Get specific status code	1645629886551	1645629886686	OK	 
REQUEST		Get all data	1645629886694	1645629886831	OK	 
USER	Basic Load Simulation	END	1645629886832
REQUEST		Get specific status code	1645629886759	1645629886895	OK	 
REQUEST		Get specific status code	1645629886960	1645629887097	OK	 
REQUEST		Get all data	1645629887025	1645629887162	OK	 
USER	Basic Load Simulation	END	1645629887163
REQUEST		Get specific status code	1645629887146	1645629887349	OK	 
REQUEST		Get specific status code	1645629887346	1645629887481	OK	 
REQUEST		Get all data	1645629887368	1645629887505	OK	 
USER	Basic Load Simulation	END	1645629887507
REQUEST		Get specific status code	1645629887559	1645629887693	OK	 
REQUEST		Get all data	1645629887690	1645629887827	OK	 
USER	Basic Load Simulation	END	1645629887828
REQUEST		Get specific status code	1645629887745	1645629887881	OK	 
REQUEST		Get all data	1645629887950	1645629888092	OK	 
USER	Basic Load Simulation	END	1645629888094
REQUEST		Get specific status code	1645629887951	1645629888095	OK	 
REQUEST		Get specific status code	1645629888149	1645629888284	OK	 
REQUEST		Get all data	1645629888195	1645629888338	OK	 
USER	Basic Load Simulation	END	1645629888339
REQUEST		Get specific status code	1645629888353	1645629888491	OK	 
REQUEST		Get all data	1645629888448	1645629888582	OK	 
USER	Basic Load Simulation	END	1645629888583
REQUEST		Get all data	1645629888700	1645629888837	OK	 
USER	Basic Load Simulation	END	1645629888838
REQUEST		Get specific status code	1645629888553	1645629888891	OK	 
REQUEST		Get specific status code	1645629888760	1645629888902	OK	 
REQUEST		Get all data	1645629888949	1645629889084	OK	 
USER	Basic Load Simulation	END	1645629889085
REQUEST		Get specific status code	1645629888953	1645629889092	OK	 
REQUEST		Get specific status code	1645629889158	1645629889302	OK	 
REQUEST		Get all data	1645629889189	1645629889324	OK	 
USER	Basic Load Simulation	END	1645629889325
REQUEST		Get specific status code	1645629889359	1645629889502	OK	 
REQUEST		Get all data	1645629889443	1645629889581	OK	 
USER	Basic Load Simulation	END	1645629889582
REQUEST		Get all data	1645629889700	1645629889838	OK	 
USER	Basic Load Simulation	END	1645629889839
REQUEST		Get all data	1645629889945	1645629890090	OK	 
USER	Basic Load Simulation	END	1645629890091
REQUEST		Get all data	1645629890203	1645629890341	OK	 
USER	Basic Load Simulation	END	1645629890342
REQUEST		Get all data	1645629890440	1645629890574	OK	 
USER	Basic Load Simulation	END	1645629890576
REQUEST		Get all data	1645629890697	1645629890835	OK	 
USER	Basic Load Simulation	END	1645629890837
REQUEST		Get all data	1645629891058	1645629891203	OK	 
USER	Basic Load Simulation	END	1645629891204
REQUEST		Get all data	1645629891199	1645629891443	OK	 
USER	Basic Load Simulation	END	1645629891445
REQUEST		Get all data	1645629891440	1645629891585	OK	 
USER	Basic Load Simulation	END	1645629891587
REQUEST		Get all data	1645629891687	1645629891847	OK	 
USER	Basic Load Simulation	END	1645629891847
REQUEST		Get all data	1645629891896	1645629892031	OK	 
USER	Basic Load Simulation	END	1645629892032
REQUEST		Get all data	1645629892098	1645629892234	OK	 
USER	Basic Load Simulation	END	1645629892236
REQUEST		Get all data	1645629892351	1645629892487	OK	 
USER	Basic Load Simulation	END	1645629892488
REQUEST		Get all data	1645629892483	1645629892698	OK	 
USER	Basic Load Simulation	END	1645629892700
REQUEST		Get all data	1645629892694	1645629892834	OK	 
USER	Basic Load Simulation	END	1645629892836
REQUEST		Get all data	1645629892882	1645629893017	OK	 
USER	Basic Load Simulation	END	1645629893018
REQUEST		Get all data	1645629893097	1645629893235	OK	 
USER	Basic Load Simulation	END	1645629893236
REQUEST		Get all data	1645629893285	1645629893420	OK	 
USER	Basic Load Simulation	END	1645629893421
REQUEST		Get all data	1645629893492	1645629893858	OK	 
USER	Basic Load Simulation	END	1645629893858
REQUEST		Get all data	1645629893892	1645629894029	OK	 
USER	Basic Load Simulation	END	1645629894030
REQUEST		Get all data	1645629893903	1645629894041	OK	 
USER	Basic Load Simulation	END	1645629894043
REQUEST		Get all data	1645629894093	1645629894227	OK	 
USER	Basic Load Simulation	END	1645629894228
REQUEST		Get all data	1645629894303	1645629894452	OK	 
USER	Basic Load Simulation	END	1645629894452
REQUEST		Get all data	1645629894503	1645629894637	OK	 
USER	Basic Load Simulation	END	1645629894638
